Flutter crash report; please file at https://github.com/flutter/flutter/issues.

## command

flutter --no-color packages get

## exception

YamlException: Error on line 113, column 16: Mapping values are not allowed here. Did you miss a colon earlier?
    ╷
113 │           fonts:
    │                ^
    ╵

```
#0      Scanner._fetchValue (package:yaml/src/scanner.dart:713:9)
#1      Scanner._fetchNextToken (package:yaml/src/scanner.dart:457:11)
#2      Scanner._fetchMoreTokens (package:yaml/src/scanner.dart:339:7)
#3      Scanner.peek (package:yaml/src/scanner.dart:317:27)
#4      Parser._parseBlockMappingKey (package:yaml/src/parser.dart:411:26)
#5      Parser._stateMachine (package:yaml/src/parser.dart:86:16)
#6      Parser.parse (package:yaml/src/parser.dart:47:19)
#7      Loader._loadMapping (package:yaml/src/loader.dart:169:23)
#8      Loader._loadNode (package:yaml/src/loader.dart:86:16)
#9      Loader._loadSequence (package:yaml/src/loader.dart:140:20)
#10     Loader._loadNode (package:yaml/src/loader.dart:84:16)
#11     Loader._loadMapping (package:yaml/src/loader.dart:163:19)
#12     Loader._loadNode (package:yaml/src/loader.dart:86:16)
#13     Loader._loadMapping (package:yaml/src/loader.dart:163:19)
#14     Loader._loadNode (package:yaml/src/loader.dart:86:16)
#15     Loader._loadDocument (package:yaml/src/loader.dart:62:20)
#16     Loader.load (package:yaml/src/loader.dart:54:20)
#17     loadYamlDocument (package:yaml/yaml.dart:51:25)
#18     loadYamlNode (package:yaml/yaml.dart:42:5)
#19     loadYaml (package:yaml/yaml.dart:34:5)
#20     FlutterManifest.createFromString (package:flutter_tools/src/flutter_manifest.dart:38:28)
#21     FlutterManifest.createFromPath (package:flutter_tools/src/flutter_manifest.dart:32:12)
#22     FlutterProject._readManifest (package:flutter_tools/src/project.dart:167:54)
#23     FlutterProject.fromDirectory (package:flutter_tools/src/project.dart:45:38)
#24     FlutterProject.fromPath (package:flutter_tools/src/project.dart:60:50)
#25     PackagesGetCommand.usageValues (package:flutter_tools/src/commands/packages.dart:80:55)
<asynchronous suspension>
#26     FlutterCommand._sendUsage (package:flutter_tools/src/runner/flutter_command.dart:411:58)
<asynchronous suspension>
#27     FlutterCommand.run.<anonymous closure> (package:flutter_tools/src/runner/flutter_command.dart:392:17)
<asynchronous suspension>
#28     AppContext.run.<anonymous closure> (package:flutter_tools/src/base/context.dart:153:29)
<asynchronous suspension>
#29     _rootRun (dart:async/zone.dart:1124:13)
#30     _CustomZone.run (dart:async/zone.dart:1021:19)
#31     _runZoned (dart:async/zone.dart:1516:10)
#32     runZoned (dart:async/zone.dart:1463:12)
#33     AppContext.run (package:flutter_tools/src/base/context.dart:152:18)
<asynchronous suspension>
#34     FlutterCommand.run (package:flutter_tools/src/runner/flutter_command.dart:375:20)
#35     CommandRunner.runCommand (package:args/command_runner.dart:197:27)
<asynchronous suspension>
#36     FlutterCommandRunner.runCommand.<anonymous closure> (package:flutter_tools/src/runner/flutter_command_runner.dart:396:21)
<asynchronous suspension>
#37     AppContext.run.<anonymous closure> (package:flutter_tools/src/base/context.dart:153:29)
<asynchronous suspension>
#38     _rootRun (dart:async/zone.dart:1124:13)
#39     _CustomZone.run (dart:async/zone.dart:1021:19)
#40     _runZoned (dart:async/zone.dart:1516:10)
#41     runZoned (dart:async/zone.dart:1463:12)
#42     AppContext.run (package:flutter_tools/src/base/context.dart:152:18)
<asynchronous suspension>
#43     FlutterCommandRunner.runCommand (package:flutter_tools/src/runner/flutter_command_runner.dart:356:19)
<asynchronous suspension>
#44     CommandRunner.run.<anonymous closure> (package:args/command_runner.dart:112:25)
#45     new Future.sync (dart:async/future.dart:224:31)
#46     CommandRunner.run (package:args/command_runner.dart:112:14)
#47     FlutterCommandRunner.run (package:flutter_tools/src/runner/flutter_command_runner.dart:242:18)
#48     run.<anonymous closure>.<anonymous closure> (package:flutter_tools/runner.dart:62:22)
<asynchronous suspension>
#49     _rootRun (dart:async/zone.dart:1124:13)
#50     _CustomZone.run (dart:async/zone.dart:1021:19)
#51     _runZoned (dart:async/zone.dart:1516:10)
#52     runZoned (dart:async/zone.dart:1500:12)
#53     run.<anonymous closure> (package:flutter_tools/runner.dart:60:18)
<asynchronous suspension>
#54     AppContext.run.<anonymous closure> (package:flutter_tools/src/base/context.dart:153:29)
<asynchronous suspension>
#55     _rootRun (dart:async/zone.dart:1124:13)
#56     _CustomZone.run (dart:async/zone.dart:1021:19)
#57     _runZoned (dart:async/zone.dart:1516:10)
#58     runZoned (dart:async/zone.dart:1463:12)
#59     AppContext.run (package:flutter_tools/src/base/context.dart:152:18)
<asynchronous suspension>
#60     runInContext (package:flutter_tools/src/context_runner.dart:56:24)
<asynchronous suspension>
#61     run (package:flutter_tools/runner.dart:51:10)
#62     main (package:flutter_tools/executable.dart:62:9)
<asynchronous suspension>
#63     main (file:///F:/flutter-1.7.8-hotfix.3/flutter/packages/flutter_tools/bin/flutter_tools.dart:8:3)
#64     _startIsolate.<anonymous closure> (dart:isolate-patch/isolate_patch.dart:299:32)
#65     _RawReceivePortImpl._handleMessage (dart:isolate-patch/isolate_patch.dart:172:12)
```

## flutter doctor

```
[✓] Flutter (Channel stable, v1.7.8+hotfix.3, on Microsoft Windows [Version 6.3.9600], locale zh-CN)
    • Flutter version 1.7.8+hotfix.3 at F:\flutter-1.7.8-hotfix.3\flutter
    • Framework revision b712a172f9 (5 weeks ago), 2019-07-09 13:14:38 -0700
    • Engine revision 54ad777fd2
    • Dart version 2.4.0

[✓] Android toolchain - develop for Android devices (Android SDK version 28.0.3)
    • Android SDK at E:/l/Android/sdk
    • Android NDK location not configured (optional; useful for native profiling support)
    • Platform android-29, build-tools 28.0.3
    • ANDROID_HOME = E:/l/Android/sdk
    • Java binary at: D:\android-studio-ide-171.4010489-windows\android-studio\jre\bin\java
    • Java version OpenJDK Runtime Environment (build 1.8.0_112-release-736)
    • All Android licenses accepted.

[✓] Android Studio (version 3.0)
    • Android Studio at D:\android-studio-ide-171.4010489-windows\android-studio
    • Flutter plugin version 23.2.1
    • Dart plugin version 171.4424
    • Java version OpenJDK Runtime Environment (build 1.8.0_112-release-736)

[✓] Connected device (1 available)
    • TNY AL00 • URU0219606001958 • android-arm64 • Android 9 (API 28)

• No issues found!
```
